app/build/intermediates/manifest_merge_blame_file/coreDebug/manifest-merger-blame-core-debug-report.txt
1<?xml version="1.0" encoding="utf-8"?>
2<manifest xmlns:android="http://schemas.android.com/apk/res/android"
3    package="com.simplemobiletools.smsmessenger.debug"
4    android:installLocation="auto"
5    android:versionCode="85"
6    android:versionName="5.19.3" >
7
8    <uses-sdk
9        android:minSdkVersion="23"
10        android:targetSdkVersion="34" />
11
12    <uses-permission android:name="android.permission.READ_SMS" />
12-->src\main\AndroidManifest.xml:6:5-67
12-->src\main\AndroidManifest.xml:6:22-64
13    <uses-permission android:name="android.permission.WRITE_SMS" />
13-->src\main\AndroidManifest.xml:7:5-68
13-->src\main\AndroidManifest.xml:7:22-65
14    <uses-permission android:name="android.permission.SEND_SMS" />
14-->src\main\AndroidManifest.xml:8:5-67
14-->src\main\AndroidManifest.xml:8:22-64
15    <uses-permission android:name="android.permission.RECEIVE_SMS" />
15-->src\main\AndroidManifest.xml:9:5-70
15-->src\main\AndroidManifest.xml:9:22-67
16    <uses-permission android:name="android.permission.RECEIVE_MMS" />
16-->src\main\AndroidManifest.xml:10:5-70
16-->src\main\AndroidManifest.xml:10:22-67
17    <uses-permission android:name="android.provider.Telephony.SMS_RECEIVED" />
17-->src\main\AndroidManifest.xml:11:5-79
17-->src\main\AndroidManifest.xml:11:22-76
18    <uses-permission android:name="android.permission.WAKE_LOCK" />
18-->src\main\AndroidManifest.xml:12:5-68
18-->src\main\AndroidManifest.xml:12:22-65
19    <uses-permission android:name="android.permission.SCHEDULE_EXACT_ALARM" />
19-->src\main\AndroidManifest.xml:13:5-79
19-->src\main\AndroidManifest.xml:13:22-76
20    <uses-permission android:name="android.permission.READ_PHONE_STATE" />
20-->src\main\AndroidManifest.xml:14:5-75
20-->src\main\AndroidManifest.xml:14:22-72
21    <uses-permission android:name="android.permission.POST_NOTIFICATIONS" />
21-->src\main\AndroidManifest.xml:15:5-77
21-->src\main\AndroidManifest.xml:15:22-74
22    <uses-permission android:name="android.permission.READ_SYNC_SETTINGS" />
22-->src\main\AndroidManifest.xml:16:5-77
22-->src\main\AndroidManifest.xml:16:22-74
23    <uses-permission
23-->src\main\AndroidManifest.xml:18:5-20:38
24        android:name="android.permission.WRITE_EXTERNAL_STORAGE"
24-->src\main\AndroidManifest.xml:19:9-65
25        android:maxSdkVersion="28" />
25-->src\main\AndroidManifest.xml:20:9-35
26    <uses-permission android:name="android.permission.READ_CONTACTS" />
26-->src\main\AndroidManifest.xml:22:5-72
26-->src\main\AndroidManifest.xml:22:22-69
27
28    <queries>
28-->src\main\AndroidManifest.xml:27:5-30:15
29        <package android:name="com.simplemobiletools.contacts.pro.debug" />
29-->src\main\AndroidManifest.xml:28:9-76
29-->src\main\AndroidManifest.xml:28:18-73
30        <package android:name="com.simplemobiletools.contacts.pro" />
30-->src\main\AndroidManifest.xml:29:9-70
30-->src\main\AndroidManifest.xml:29:18-67
31        <package android:name="com.simplemobiletools.thankyou.debug" />
31-->[com.github.SimpleMobileTools:Simple-Commons:b72ded2a75] AndroidManifest.xml:9:9-72
31-->[com.github.SimpleMobileTools:Simple-Commons:b72ded2a75] AndroidManifest.xml:9:18-69
32        <package android:name="com.simplemobiletools.thankyou" />
32-->[com.github.SimpleMobileTools:Simple-Commons:b72ded2a75] AndroidManifest.xml:10:9-66
32-->[com.github.SimpleMobileTools:Simple-Commons:b72ded2a75] AndroidManifest.xml:10:18-63
33    </queries>
34
35    <uses-feature android:name="android.hardware.telephony" />
35-->src\main\AndroidManifest.xml:32:5-63
35-->src\main\AndroidManifest.xml:32:19-60
36    <uses-feature
36-->[com.github.SimpleMobileTools:Simple-Commons:b72ded2a75] AndroidManifest.xml:13:5-15:36
37        android:name="android.hardware.faketouch"
37-->[com.github.SimpleMobileTools:Simple-Commons:b72ded2a75] AndroidManifest.xml:14:9-50
38        android:required="false" />
38-->[com.github.SimpleMobileTools:Simple-Commons:b72ded2a75] AndroidManifest.xml:15:9-33
39    <uses-feature
39-->[com.github.SimpleMobileTools:Simple-Commons:b72ded2a75] AndroidManifest.xml:16:5-18:36
40        android:name="android.hardware.screen.portrait"
40-->[com.github.SimpleMobileTools:Simple-Commons:b72ded2a75] AndroidManifest.xml:17:9-56
41        android:required="false" /> <!-- suppress DeprecatedClassUsageInspection -->
41-->[com.github.SimpleMobileTools:Simple-Commons:b72ded2a75] AndroidManifest.xml:18:9-33
42    <uses-permission android:name="android.permission.USE_FINGERPRINT" />
42-->[androidx.biometric:biometric:1.2.0-alpha05] AndroidManifest.xml:25:5-74
42-->[androidx.biometric:biometric:1.2.0-alpha05] AndroidManifest.xml:25:22-71
43
44    <permission
44-->[androidx.core:core:1.12.0] AndroidManifest.xml:22:5-24:47
45        android:name="com.simplemobiletools.smsmessenger.debug.DYNAMIC_RECEIVER_NOT_EXPORTED_PERMISSION"
45-->[androidx.core:core:1.12.0] AndroidManifest.xml:23:9-81
46        android:protectionLevel="signature" /> <!-- for android -->
46-->[androidx.core:core:1.12.0] AndroidManifest.xml:24:9-44
47    <!-- <uses-permission android:name="com.android.launcher.permission.READ_SETTINGS"/> -->
48    <!-- <uses-permission android:name="com.android.launcher.permission.WRITE_SETTINGS"/> -->
49    <!-- <uses-permission android:name="com.android.launcher.permission.INSTALL_SHORTCUT" /> -->
50    <!-- <uses-permission android:name="com.android.launcher.permission.UNINSTALL_SHORTCUT" /> -->
51    <!-- for Samsung -->
52    <uses-permission android:name="com.sec.android.provider.badge.permission.READ" />
52-->[me.leolin:ShortcutBadger:1.1.22] AndroidManifest.xml:19:5-86
52-->[me.leolin:ShortcutBadger:1.1.22] AndroidManifest.xml:19:22-83
53    <uses-permission android:name="com.sec.android.provider.badge.permission.WRITE" /> <!-- for htc -->
53-->[me.leolin:ShortcutBadger:1.1.22] AndroidManifest.xml:20:5-87
53-->[me.leolin:ShortcutBadger:1.1.22] AndroidManifest.xml:20:22-84
54    <uses-permission android:name="com.htc.launcher.permission.READ_SETTINGS" />
54-->[me.leolin:ShortcutBadger:1.1.22] AndroidManifest.xml:23:5-81
54-->[me.leolin:ShortcutBadger:1.1.22] AndroidManifest.xml:23:22-78
55    <uses-permission android:name="com.htc.launcher.permission.UPDATE_SHORTCUT" /> <!-- for sony -->
55-->[me.leolin:ShortcutBadger:1.1.22] AndroidManifest.xml:24:5-83
55-->[me.leolin:ShortcutBadger:1.1.22] AndroidManifest.xml:24:22-80
56    <uses-permission android:name="com.sonyericsson.home.permission.BROADCAST_BADGE" />
56-->[me.leolin:ShortcutBadger:1.1.22] AndroidManifest.xml:27:5-88
56-->[me.leolin:ShortcutBadger:1.1.22] AndroidManifest.xml:27:22-85
57    <uses-permission android:name="com.sonymobile.home.permission.PROVIDER_INSERT_BADGE" /> <!-- for apex -->
57-->[me.leolin:ShortcutBadger:1.1.22] AndroidManifest.xml:28:5-92
57-->[me.leolin:ShortcutBadger:1.1.22] AndroidManifest.xml:28:22-89
58    <uses-permission android:name="com.anddoes.launcher.permission.UPDATE_COUNT" /> <!-- for solid -->
58-->[me.leolin:ShortcutBadger:1.1.22] AndroidManifest.xml:31:5-84
58-->[me.leolin:ShortcutBadger:1.1.22] AndroidManifest.xml:31:22-81
59    <uses-permission android:name="com.majeur.launcher.permission.UPDATE_BADGE" /> <!-- for huawei -->
59-->[me.leolin:ShortcutBadger:1.1.22] AndroidManifest.xml:34:5-83
59-->[me.leolin:ShortcutBadger:1.1.22] AndroidManifest.xml:34:22-80
60    <uses-permission android:name="com.huawei.android.launcher.permission.CHANGE_BADGE" />
60-->[me.leolin:ShortcutBadger:1.1.22] AndroidManifest.xml:37:5-91
60-->[me.leolin:ShortcutBadger:1.1.22] AndroidManifest.xml:37:22-88
61    <uses-permission android:name="com.huawei.android.launcher.permission.READ_SETTINGS" />
61-->[me.leolin:ShortcutBadger:1.1.22] AndroidManifest.xml:38:5-92
61-->[me.leolin:ShortcutBadger:1.1.22] AndroidManifest.xml:38:22-89
62    <uses-permission android:name="com.huawei.android.launcher.permission.WRITE_SETTINGS" /> <!-- for ZUK -->
62-->[me.leolin:ShortcutBadger:1.1.22] AndroidManifest.xml:39:5-93
62-->[me.leolin:ShortcutBadger:1.1.22] AndroidManifest.xml:39:22-90
63    <uses-permission android:name="android.permission.READ_APP_BADGE" /> <!-- for OPPO -->
63-->[me.leolin:ShortcutBadger:1.1.22] AndroidManifest.xml:42:5-73
63-->[me.leolin:ShortcutBadger:1.1.22] AndroidManifest.xml:42:22-70
64    <uses-permission android:name="com.oppo.launcher.permission.READ_SETTINGS" />
64-->[me.leolin:ShortcutBadger:1.1.22] AndroidManifest.xml:45:5-82
64-->[me.leolin:ShortcutBadger:1.1.22] AndroidManifest.xml:45:22-79
65    <uses-permission android:name="com.oppo.launcher.permission.WRITE_SETTINGS" /> <!-- for EvMe -->
65-->[me.leolin:ShortcutBadger:1.1.22] AndroidManifest.xml:46:5-83
65-->[me.leolin:ShortcutBadger:1.1.22] AndroidManifest.xml:46:22-80
66    <uses-permission android:name="me.everything.badger.permission.BADGE_COUNT_READ" />
66-->[me.leolin:ShortcutBadger:1.1.22] AndroidManifest.xml:49:5-88
66-->[me.leolin:ShortcutBadger:1.1.22] AndroidManifest.xml:49:22-85
67    <uses-permission android:name="me.everything.badger.permission.BADGE_COUNT_WRITE" />
67-->[me.leolin:ShortcutBadger:1.1.22] AndroidManifest.xml:50:5-89
67-->[me.leolin:ShortcutBadger:1.1.22] AndroidManifest.xml:50:22-86
68
69    <application
69-->src\main\AndroidManifest.xml:34:5-524:19
70        android:name="com.simplemobiletools.smsmessenger.App"
70-->src\main\AndroidManifest.xml:35:9-28
71        android:allowBackup="true"
71-->src\main\AndroidManifest.xml:36:9-35
72        android:appCategory="productivity"
72-->src\main\AndroidManifest.xml:37:9-43
73        android:appComponentFactory="androidx.core.app.CoreComponentFactory"
73-->[androidx.core:core:1.12.0] AndroidManifest.xml:28:18-86
74        android:debuggable="true"
75        android:extractNativeLibs="false"
76        android:icon="@mipmap/ic_launcher"
76-->src\main\AndroidManifest.xml:38:9-43
77        android:label="@string/app_launcher_name"
77-->src\main\AndroidManifest.xml:39:9-50
78        android:localeConfig="@xml/locale_config"
78-->src\main\AndroidManifest.xml:40:9-50
79        android:roundIcon="@mipmap/ic_launcher"
79-->src\main\AndroidManifest.xml:41:9-48
80        android:supportsRtl="true"
80-->[com.github.SimpleMobileTools:Simple-Commons:b72ded2a75] AndroidManifest.xml:32:18-44
81        android:testOnly="true"
82        android:theme="@style/AppTheme" >
82-->src\main\AndroidManifest.xml:42:9-40
83        <activity
83-->src\main\AndroidManifest.xml:44:9-47:50
84            android:name="com.simplemobiletools.smsmessenger.activities.SplashActivity"
84-->src\main\AndroidManifest.xml:45:13-54
85            android:exported="false"
85-->src\main\AndroidManifest.xml:46:13-37
86            android:theme="@style/SplashTheme" />
86-->src\main\AndroidManifest.xml:47:13-47
87
88        <activity-alias
88-->src\main\AndroidManifest.xml:511:9-523:26
89            android:name="com.simplemobiletools.smsmessenger.activities.SplashActivity.Grey_black"
89-->src\main\AndroidManifest.xml:512:13-65
90            android:enabled="false"
90-->src\main\AndroidManifest.xml:513:13-36
91            android:exported="true"
91-->src\main\AndroidManifest.xml:514:13-36
92            android:icon="@mipmap/ic_launcher_grey_black"
92-->src\main\AndroidManifest.xml:515:13-58
93            android:roundIcon="@mipmap/ic_launcher_grey_black"
93-->src\main\AndroidManifest.xml:516:13-63
94            android:targetActivity="com.simplemobiletools.smsmessenger.activities.SplashActivity" >
94-->src\main\AndroidManifest.xml:517:13-64
95            <intent-filter>
95-->src\main\AndroidManifest.xml:268:13-271:29
96                <action android:name="android.intent.action.MAIN" />
96-->src\main\AndroidManifest.xml:269:17-69
96-->src\main\AndroidManifest.xml:269:25-66
97
98                <category android:name="android.intent.category.LAUNCHER" />
98-->src\main\AndroidManifest.xml:270:17-77
98-->src\main\AndroidManifest.xml:270:27-74
99            </intent-filter>
100        </activity-alias>
101        <activity-alias
101-->src\main\AndroidManifest.xml:497:9-509:26
102            android:name="com.simplemobiletools.smsmessenger.activities.SplashActivity.Blue_grey"
102-->src\main\AndroidManifest.xml:498:13-64
103            android:enabled="false"
103-->src\main\AndroidManifest.xml:499:13-36
104            android:exported="true"
104-->src\main\AndroidManifest.xml:500:13-36
105            android:icon="@mipmap/ic_launcher_blue_grey"
105-->src\main\AndroidManifest.xml:501:13-57
106            android:roundIcon="@mipmap/ic_launcher_blue_grey"
106-->src\main\AndroidManifest.xml:502:13-62
107            android:targetActivity="com.simplemobiletools.smsmessenger.activities.SplashActivity" >
107-->src\main\AndroidManifest.xml:503:13-64
108            <intent-filter>
108-->src\main\AndroidManifest.xml:268:13-271:29
109                <action android:name="android.intent.action.MAIN" />
109-->src\main\AndroidManifest.xml:269:17-69
109-->src\main\AndroidManifest.xml:269:25-66
110
111                <category android:name="android.intent.category.LAUNCHER" />
111-->src\main\AndroidManifest.xml:270:17-77
111-->src\main\AndroidManifest.xml:270:27-74
112            </intent-filter>
113        </activity-alias>
114        <activity-alias
114-->src\main\AndroidManifest.xml:483:9-495:26
115            android:name="com.simplemobiletools.smsmessenger.activities.SplashActivity.Brown"
115-->src\main\AndroidManifest.xml:484:13-60
116            android:enabled="false"
116-->src\main\AndroidManifest.xml:485:13-36
117            android:exported="true"
117-->src\main\AndroidManifest.xml:486:13-36
118            android:icon="@mipmap/ic_launcher_brown"
118-->src\main\AndroidManifest.xml:487:13-53
119            android:roundIcon="@mipmap/ic_launcher_brown"
119-->src\main\AndroidManifest.xml:488:13-58
120            android:targetActivity="com.simplemobiletools.smsmessenger.activities.SplashActivity" >
120-->src\main\AndroidManifest.xml:489:13-64
121            <intent-filter>
121-->src\main\AndroidManifest.xml:268:13-271:29
122                <action android:name="android.intent.action.MAIN" />
122-->src\main\AndroidManifest.xml:269:17-69
122-->src\main\AndroidManifest.xml:269:25-66
123
124                <category android:name="android.intent.category.LAUNCHER" />
124-->src\main\AndroidManifest.xml:270:17-77
124-->src\main\AndroidManifest.xml:270:27-74
125            </intent-filter>
126        </activity-alias>
127        <activity-alias
127-->src\main\AndroidManifest.xml:469:9-481:26
128            android:name="com.simplemobiletools.smsmessenger.activities.SplashActivity.Deep_orange"
128-->src\main\AndroidManifest.xml:470:13-66
129            android:enabled="false"
129-->src\main\AndroidManifest.xml:471:13-36
130            android:exported="true"
130-->src\main\AndroidManifest.xml:472:13-36
131            android:icon="@mipmap/ic_launcher_deep_orange"
131-->src\main\AndroidManifest.xml:473:13-59
132            android:roundIcon="@mipmap/ic_launcher_deep_orange"
132-->src\main\AndroidManifest.xml:474:13-64
133            android:targetActivity="com.simplemobiletools.smsmessenger.activities.SplashActivity" >
133-->src\main\AndroidManifest.xml:475:13-64
134            <intent-filter>
134-->src\main\AndroidManifest.xml:268:13-271:29
135                <action android:name="android.intent.action.MAIN" />
135-->src\main\AndroidManifest.xml:269:17-69
135-->src\main\AndroidManifest.xml:269:25-66
136
137                <category android:name="android.intent.category.LAUNCHER" />
137-->src\main\AndroidManifest.xml:270:17-77
137-->src\main\AndroidManifest.xml:270:27-74
138            </intent-filter>
139        </activity-alias>
140        <activity-alias
140-->src\main\AndroidManifest.xml:456:9-467:26
141            android:name="com.simplemobiletools.smsmessenger.activities.SplashActivity.Orange"
141-->src\main\AndroidManifest.xml:457:13-61
142            android:enabled="true"
142-->src\main\AndroidManifest.xml:458:13-35
143            android:exported="true"
143-->src\main\AndroidManifest.xml:459:13-36
144            android:icon="@mipmap/ic_launcher"
144-->src\main\AndroidManifest.xml:460:13-47
145            android:roundIcon="@mipmap/ic_launcher"
145-->src\main\AndroidManifest.xml:461:13-52
146            android:targetActivity="com.simplemobiletools.smsmessenger.activities.SplashActivity" >
146-->src\main\AndroidManifest.xml:462:13-64
147            <intent-filter>
147-->src\main\AndroidManifest.xml:268:13-271:29
148                <action android:name="android.intent.action.MAIN" />
148-->src\main\AndroidManifest.xml:269:17-69
148-->src\main\AndroidManifest.xml:269:25-66
149
150                <category android:name="android.intent.category.LAUNCHER" />
150-->src\main\AndroidManifest.xml:270:17-77
150-->src\main\AndroidManifest.xml:270:27-74
151            </intent-filter>
152        </activity-alias>
153        <activity-alias
153-->src\main\AndroidManifest.xml:442:9-454:26
154            android:name="com.simplemobiletools.smsmessenger.activities.SplashActivity.Amber"
154-->src\main\AndroidManifest.xml:443:13-60
155            android:enabled="false"
155-->src\main\AndroidManifest.xml:444:13-36
156            android:exported="true"
156-->src\main\AndroidManifest.xml:445:13-36
157            android:icon="@mipmap/ic_launcher_amber"
157-->src\main\AndroidManifest.xml:446:13-53
158            android:roundIcon="@mipmap/ic_launcher_amber"
158-->src\main\AndroidManifest.xml:447:13-58
159            android:targetActivity="com.simplemobiletools.smsmessenger.activities.SplashActivity" >
159-->src\main\AndroidManifest.xml:448:13-64
160            <intent-filter>
160-->src\main\AndroidManifest.xml:268:13-271:29
161                <action android:name="android.intent.action.MAIN" />
161-->src\main\AndroidManifest.xml:269:17-69
161-->src\main\AndroidManifest.xml:269:25-66
162
163                <category android:name="android.intent.category.LAUNCHER" />
163-->src\main\AndroidManifest.xml:270:17-77
163-->src\main\AndroidManifest.xml:270:27-74
164            </intent-filter>
165        </activity-alias>
166        <activity-alias
166-->src\main\AndroidManifest.xml:428:9-440:26
167            android:name="com.simplemobiletools.smsmessenger.activities.SplashActivity.Yellow"
167-->src\main\AndroidManifest.xml:429:13-61
168            android:enabled="false"
168-->src\main\AndroidManifest.xml:430:13-36
169            android:exported="true"
169-->src\main\AndroidManifest.xml:431:13-36
170            android:icon="@mipmap/ic_launcher_yellow"
170-->src\main\AndroidManifest.xml:432:13-54
171            android:roundIcon="@mipmap/ic_launcher_yellow"
171-->src\main\AndroidManifest.xml:433:13-59
172            android:targetActivity="com.simplemobiletools.smsmessenger.activities.SplashActivity" >
172-->src\main\AndroidManifest.xml:434:13-64
173            <intent-filter>
173-->src\main\AndroidManifest.xml:268:13-271:29
174                <action android:name="android.intent.action.MAIN" />
174-->src\main\AndroidManifest.xml:269:17-69
174-->src\main\AndroidManifest.xml:269:25-66
175
176                <category android:name="android.intent.category.LAUNCHER" />
176-->src\main\AndroidManifest.xml:270:17-77
176-->src\main\AndroidManifest.xml:270:27-74
177            </intent-filter>
178        </activity-alias>
179        <activity-alias
179-->src\main\AndroidManifest.xml:414:9-426:26
180            android:name="com.simplemobiletools.smsmessenger.activities.SplashActivity.Lime"
180-->src\main\AndroidManifest.xml:415:13-59
181            android:enabled="false"
181-->src\main\AndroidManifest.xml:416:13-36
182            android:exported="true"
182-->src\main\AndroidManifest.xml:417:13-36
183            android:icon="@mipmap/ic_launcher_lime"
183-->src\main\AndroidManifest.xml:418:13-52
184            android:roundIcon="@mipmap/ic_launcher_lime"
184-->src\main\AndroidManifest.xml:419:13-57
185            android:targetActivity="com.simplemobiletools.smsmessenger.activities.SplashActivity" >
185-->src\main\AndroidManifest.xml:420:13-64
186            <intent-filter>
186-->src\main\AndroidManifest.xml:268:13-271:29
187                <action android:name="android.intent.action.MAIN" />
187-->src\main\AndroidManifest.xml:269:17-69
187-->src\main\AndroidManifest.xml:269:25-66
188
189                <category android:name="android.intent.category.LAUNCHER" />
189-->src\main\AndroidManifest.xml:270:17-77
189-->src\main\AndroidManifest.xml:270:27-74
190            </intent-filter>
191        </activity-alias>
192        <activity-alias
192-->src\main\AndroidManifest.xml:400:9-412:26
193            android:name="com.simplemobiletools.smsmessenger.activities.SplashActivity.Light_green"
193-->src\main\AndroidManifest.xml:401:13-66
194            android:enabled="false"
194-->src\main\AndroidManifest.xml:402:13-36
195            android:exported="true"
195-->src\main\AndroidManifest.xml:403:13-36
196            android:icon="@mipmap/ic_launcher_light_green"
196-->src\main\AndroidManifest.xml:404:13-59
197            android:roundIcon="@mipmap/ic_launcher_light_green"
197-->src\main\AndroidManifest.xml:405:13-64
198            android:targetActivity="com.simplemobiletools.smsmessenger.activities.SplashActivity" >
198-->src\main\AndroidManifest.xml:406:13-64
199            <intent-filter>
199-->src\main\AndroidManifest.xml:268:13-271:29
200                <action android:name="android.intent.action.MAIN" />
200-->src\main\AndroidManifest.xml:269:17-69
200-->src\main\AndroidManifest.xml:269:25-66
201
202                <category android:name="android.intent.category.LAUNCHER" />
202-->src\main\AndroidManifest.xml:270:17-77
202-->src\main\AndroidManifest.xml:270:27-74
203            </intent-filter>
204        </activity-alias>
205        <activity-alias
205-->src\main\AndroidManifest.xml:386:9-398:26
206            android:name="com.simplemobiletools.smsmessenger.activities.SplashActivity.Green"
206-->src\main\AndroidManifest.xml:387:13-60
207            android:enabled="false"
207-->src\main\AndroidManifest.xml:388:13-36
208            android:exported="true"
208-->src\main\AndroidManifest.xml:389:13-36
209            android:icon="@mipmap/ic_launcher_green"
209-->src\main\AndroidManifest.xml:390:13-53
210            android:roundIcon="@mipmap/ic_launcher_green"
210-->src\main\AndroidManifest.xml:391:13-58
211            android:targetActivity="com.simplemobiletools.smsmessenger.activities.SplashActivity" >
211-->src\main\AndroidManifest.xml:392:13-64
212            <intent-filter>
212-->src\main\AndroidManifest.xml:268:13-271:29
213                <action android:name="android.intent.action.MAIN" />
213-->src\main\AndroidManifest.xml:269:17-69
213-->src\main\AndroidManifest.xml:269:25-66
214
215                <category android:name="android.intent.category.LAUNCHER" />
215-->src\main\AndroidManifest.xml:270:17-77
215-->src\main\AndroidManifest.xml:270:27-74
216            </intent-filter>
217        </activity-alias>
218        <activity-alias
218-->src\main\AndroidManifest.xml:372:9-384:26
219            android:name="com.simplemobiletools.smsmessenger.activities.SplashActivity.Teal"
219-->src\main\AndroidManifest.xml:373:13-59
220            android:enabled="false"
220-->src\main\AndroidManifest.xml:374:13-36
221            android:exported="true"
221-->src\main\AndroidManifest.xml:375:13-36
222            android:icon="@mipmap/ic_launcher_teal"
222-->src\main\AndroidManifest.xml:376:13-52
223            android:roundIcon="@mipmap/ic_launcher_teal"
223-->src\main\AndroidManifest.xml:377:13-57
224            android:targetActivity="com.simplemobiletools.smsmessenger.activities.SplashActivity" >
224-->src\main\AndroidManifest.xml:378:13-64
225            <intent-filter>
225-->src\main\AndroidManifest.xml:268:13-271:29
226                <action android:name="android.intent.action.MAIN" />
226-->src\main\AndroidManifest.xml:269:17-69
226-->src\main\AndroidManifest.xml:269:25-66
227
228                <category android:name="android.intent.category.LAUNCHER" />
228-->src\main\AndroidManifest.xml:270:17-77
228-->src\main\AndroidManifest.xml:270:27-74
229            </intent-filter>
230        </activity-alias>
231        <activity-alias
231-->src\main\AndroidManifest.xml:358:9-370:26
232            android:name="com.simplemobiletools.smsmessenger.activities.SplashActivity.Cyan"
232-->src\main\AndroidManifest.xml:359:13-59
233            android:enabled="false"
233-->src\main\AndroidManifest.xml:360:13-36
234            android:exported="true"
234-->src\main\AndroidManifest.xml:361:13-36
235            android:icon="@mipmap/ic_launcher_cyan"
235-->src\main\AndroidManifest.xml:362:13-52
236            android:roundIcon="@mipmap/ic_launcher_cyan"
236-->src\main\AndroidManifest.xml:363:13-57
237            android:targetActivity="com.simplemobiletools.smsmessenger.activities.SplashActivity" >
237-->src\main\AndroidManifest.xml:364:13-64
238            <intent-filter>
238-->src\main\AndroidManifest.xml:268:13-271:29
239                <action android:name="android.intent.action.MAIN" />
239-->src\main\AndroidManifest.xml:269:17-69
239-->src\main\AndroidManifest.xml:269:25-66
240
241                <category android:name="android.intent.category.LAUNCHER" />
241-->src\main\AndroidManifest.xml:270:17-77
241-->src\main\AndroidManifest.xml:270:27-74
242            </intent-filter>
243        </activity-alias>
244        <activity-alias
244-->src\main\AndroidManifest.xml:344:9-356:26
245            android:name="com.simplemobiletools.smsmessenger.activities.SplashActivity.Light_blue"
245-->src\main\AndroidManifest.xml:345:13-65
246            android:enabled="false"
246-->src\main\AndroidManifest.xml:346:13-36
247            android:exported="true"
247-->src\main\AndroidManifest.xml:347:13-36
248            android:icon="@mipmap/ic_launcher_light_blue"
248-->src\main\AndroidManifest.xml:348:13-58
249            android:roundIcon="@mipmap/ic_launcher_light_blue"
249-->src\main\AndroidManifest.xml:349:13-63
250            android:targetActivity="com.simplemobiletools.smsmessenger.activities.SplashActivity" >
250-->src\main\AndroidManifest.xml:350:13-64
251            <intent-filter>
251-->src\main\AndroidManifest.xml:268:13-271:29
252                <action android:name="android.intent.action.MAIN" />
252-->src\main\AndroidManifest.xml:269:17-69
252-->src\main\AndroidManifest.xml:269:25-66
253
254                <category android:name="android.intent.category.LAUNCHER" />
254-->src\main\AndroidManifest.xml:270:17-77
254-->src\main\AndroidManifest.xml:270:27-74
255            </intent-filter>
256        </activity-alias>
257        <activity-alias
257-->src\main\AndroidManifest.xml:330:9-342:26
258            android:name="com.simplemobiletools.smsmessenger.activities.SplashActivity.Blue"
258-->src\main\AndroidManifest.xml:331:13-59
259            android:enabled="false"
259-->src\main\AndroidManifest.xml:332:13-36
260            android:exported="true"
260-->src\main\AndroidManifest.xml:333:13-36
261            android:icon="@mipmap/ic_launcher_blue"
261-->src\main\AndroidManifest.xml:334:13-52
262            android:roundIcon="@mipmap/ic_launcher_blue"
262-->src\main\AndroidManifest.xml:335:13-57
263            android:targetActivity="com.simplemobiletools.smsmessenger.activities.SplashActivity" >
263-->src\main\AndroidManifest.xml:336:13-64
264            <intent-filter>
264-->src\main\AndroidManifest.xml:268:13-271:29
265                <action android:name="android.intent.action.MAIN" />
265-->src\main\AndroidManifest.xml:269:17-69
265-->src\main\AndroidManifest.xml:269:25-66
266
267                <category android:name="android.intent.category.LAUNCHER" />
267-->src\main\AndroidManifest.xml:270:17-77
267-->src\main\AndroidManifest.xml:270:27-74
268            </intent-filter>
269        </activity-alias>
270        <activity-alias
270-->src\main\AndroidManifest.xml:316:9-328:26
271            android:name="com.simplemobiletools.smsmessenger.activities.SplashActivity.Indigo"
271-->src\main\AndroidManifest.xml:317:13-61
272            android:enabled="false"
272-->src\main\AndroidManifest.xml:318:13-36
273            android:exported="true"
273-->src\main\AndroidManifest.xml:319:13-36
274            android:icon="@mipmap/ic_launcher_indigo"
274-->src\main\AndroidManifest.xml:320:13-54
275            android:roundIcon="@mipmap/ic_launcher_indigo"
275-->src\main\AndroidManifest.xml:321:13-59
276            android:targetActivity="com.simplemobiletools.smsmessenger.activities.SplashActivity" >
276-->src\main\AndroidManifest.xml:322:13-64
277            <intent-filter>
277-->src\main\AndroidManifest.xml:268:13-271:29
278                <action android:name="android.intent.action.MAIN" />
278-->src\main\AndroidManifest.xml:269:17-69
278-->src\main\AndroidManifest.xml:269:25-66
279
280                <category android:name="android.intent.category.LAUNCHER" />
280-->src\main\AndroidManifest.xml:270:17-77
280-->src\main\AndroidManifest.xml:270:27-74
281            </intent-filter>
282        </activity-alias>
283        <activity-alias
283-->src\main\AndroidManifest.xml:302:9-314:26
284            android:name="com.simplemobiletools.smsmessenger.activities.SplashActivity.Deep_purple"
284-->src\main\AndroidManifest.xml:303:13-66
285            android:enabled="false"
285-->src\main\AndroidManifest.xml:304:13-36
286            android:exported="true"
286-->src\main\AndroidManifest.xml:305:13-36
287            android:icon="@mipmap/ic_launcher_deep_purple"
287-->src\main\AndroidManifest.xml:306:13-59
288            android:roundIcon="@mipmap/ic_launcher_deep_purple"
288-->src\main\AndroidManifest.xml:307:13-64
289            android:targetActivity="com.simplemobiletools.smsmessenger.activities.SplashActivity" >
289-->src\main\AndroidManifest.xml:308:13-64
290            <intent-filter>
290-->src\main\AndroidManifest.xml:268:13-271:29
291                <action android:name="android.intent.action.MAIN" />
291-->src\main\AndroidManifest.xml:269:17-69
291-->src\main\AndroidManifest.xml:269:25-66